<?xml version="1.0" encoding="UTF-8"?>
<testsuite name="com.jojoldu.book.springboot.web.HelloControllerTest" tests="2" skipped="0" failures="0" errors="0" timestamp="2020-03-15T04:08:25" hostname="DESKTOP-R03HBUB" time="0.282">
  <properties/>
  <testcase name="hello가_리턴된다" classname="com.jojoldu.book.springboot.web.HelloControllerTest" time="0.119"/>
  <testcase name="helloDto가_리턴된다" classname="com.jojoldu.book.springboot.web.HelloControllerTest" time="0.16"/>
  <system-out><![CDATA[2020-03-15 13:08:23.661  INFO 3200 --- [    Test worker] .b.t.a.w.s.WebMvcTestContextBootstrapper : Neither @ContextConfiguration nor @ContextHierarchy found for test class [com.jojoldu.book.springboot.web.HelloControllerTest], using SpringBootContextLoader
2020-03-15 13:08:23.663  INFO 3200 --- [    Test worker] o.s.t.c.support.AbstractContextLoader    : Could not detect default resource locations for test class [com.jojoldu.book.springboot.web.HelloControllerTest]: no resource found for suffixes {-context.xml, Context.groovy}.
2020-03-15 13:08:23.664  INFO 3200 --- [    Test worker] t.c.s.AnnotationConfigContextLoaderUtils : Could not detect default configuration classes for test class [com.jojoldu.book.springboot.web.HelloControllerTest]: HelloControllerTest does not declare any static, non-private, non-final, nested classes annotated with @Configuration.
2020-03-15 13:08:23.720  INFO 3200 --- [    Test worker] .b.t.c.SpringBootTestContextBootstrapper : Found @SpringBootConfiguration com.jojoldu.book.springboot.Application for test class com.jojoldu.book.springboot.web.HelloControllerTest
2020-03-15 13:08:23.727  INFO 3200 --- [    Test worker] .b.t.a.w.s.WebMvcTestContextBootstrapper : Loaded default TestExecutionListener class names from location [META-INF/spring.factories]: [org.springframework.security.test.context.support.WithSecurityContextTestExecutionListener, org.springframework.security.test.context.support.ReactorContextTestExecutionListener, org.springframework.boot.test.autoconfigure.restdocs.RestDocsTestExecutionListener, org.springframework.boot.test.autoconfigure.web.client.MockRestServiceServerResetTestExecutionListener, org.springframework.boot.test.autoconfigure.web.servlet.MockMvcPrintOnlyOnFailureTestExecutionListener, org.springframework.boot.test.autoconfigure.web.servlet.WebDriverTestExecutionListener, org.springframework.boot.test.mock.mockito.MockitoTestExecutionListener, org.springframework.boot.test.mock.mockito.ResetMocksTestExecutionListener, org.springframework.test.context.web.ServletTestExecutionListener, org.springframework.test.context.support.DirtiesContextBeforeModesTestExecutionListener, org.springframework.test.context.support.DependencyInjectionTestExecutionListener, org.springframework.test.context.support.DirtiesContextTestExecutionListener, org.springframework.test.context.transaction.TransactionalTestExecutionListener, org.springframework.test.context.jdbc.SqlScriptsTestExecutionListener]
2020-03-15 13:08:23.731  INFO 3200 --- [    Test worker] .b.t.a.w.s.WebMvcTestContextBootstrapper : Using TestExecutionListeners: [org.springframework.test.context.web.ServletTestExecutionListener@38c25a1d, org.springframework.test.context.support.DirtiesContextBeforeModesTestExecutionListener@25da8b24, org.springframework.boot.test.mock.mockito.MockitoTestExecutionListener@2327c892, org.springframework.boot.test.autoconfigure.SpringBootDependencyInjectionTestExecutionListener@191a5c3d, org.springframework.test.context.support.DirtiesContextTestExecutionListener@33a2efb1, org.springframework.test.context.transaction.TransactionalTestExecutionListener@4250c14a, org.springframework.test.context.jdbc.SqlScriptsTestExecutionListener@5faef2ca, org.springframework.security.test.context.support.WithSecurityContextTestExecutionListener@141ea6b6, org.springframework.security.test.context.support.ReactorContextTestExecutionListener@30e50ce3, org.springframework.boot.test.autoconfigure.restdocs.RestDocsTestExecutionListener@747bd124, org.springframework.boot.test.autoconfigure.web.client.MockRestServiceServerResetTestExecutionListener@5ceb45c3, org.springframework.boot.test.autoconfigure.web.servlet.MockMvcPrintOnlyOnFailureTestExecutionListener@3da163fe, org.springframework.boot.test.autoconfigure.web.servlet.WebDriverTestExecutionListener@25bbe2bd, org.springframework.boot.test.mock.mockito.ResetMocksTestExecutionListener@fe3e5df]

  .   ____          _            __ _ _
 /\\ / ___'_ __ _ _(_)_ __  __ _ \ \ \ \
( ( )\___ | '_ | '_| | '_ \/ _` | \ \ \ \
 \\/  ___)| |_)| | | | | || (_| |  ) ) ) )
  '  |____| .__|_| |_|_| |_\__, | / / / /
 =========|_|==============|___/=/_/_/_/
 :: Spring Boot ::        (v2.1.9.RELEASE)

2020-03-15 13:08:23.816  INFO 3200 --- [    Test worker] c.j.b.s.web.HelloControllerTest          : Starting HelloControllerTest on DESKTOP-R03HBUB with PID 3200 (started by hp in D:\KimStudy2)
2020-03-15 13:08:23.820  INFO 3200 --- [    Test worker] c.j.b.s.web.HelloControllerTest          : No active profile set, falling back to default profiles: default
2020-03-15 13:08:24.566  INFO 3200 --- [    Test worker] o.s.s.concurrent.ThreadPoolTaskExecutor  : Initializing ExecutorService 'applicationTaskExecutor'
2020-03-15 13:08:24.640  INFO 3200 --- [    Test worker] o.s.b.a.w.s.WelcomePageHandlerMapping    : Adding welcome page template: index
2020-03-15 13:08:25.087  INFO 3200 --- [    Test worker] .s.s.UserDetailsServiceAutoConfiguration : 

Using generated security password: bf33bc4b-313b-4ef6-9418-47fe105fd6c3

2020-03-15 13:08:25.345  INFO 3200 --- [    Test worker] o.s.s.web.DefaultSecurityFilterChain     : Creating filter chain: any request, [org.springframework.security.web.context.request.async.WebAsyncManagerIntegrationFilter@11cf62a7, org.springframework.security.web.context.SecurityContextPersistenceFilter@2db47eaf, org.springframework.security.web.header.HeaderWriterFilter@593fe80c, org.springframework.security.web.csrf.CsrfFilter@59969b05, org.springframework.security.web.authentication.logout.LogoutFilter@658cbe98, org.springframework.security.web.authentication.UsernamePasswordAuthenticationFilter@6f45fd2f, org.springframework.security.web.authentication.ui.DefaultLoginPageGeneratingFilter@2bf79f3, org.springframework.security.web.authentication.ui.DefaultLogoutPageGeneratingFilter@53bb41, org.springframework.security.web.authentication.www.BasicAuthenticationFilter@3d91b81c, org.springframework.security.web.savedrequest.RequestCacheAwareFilter@70da04c7, org.springframework.security.web.servletapi.SecurityContextHolderAwareRequestFilter@5683fd58, org.springframework.security.web.authentication.AnonymousAuthenticationFilter@3032a20f, org.springframework.security.web.session.SessionManagementFilter@341c0e9d, org.springframework.security.web.access.ExceptionTranslationFilter@43d3cc02, org.springframework.security.web.access.intercept.FilterSecurityInterceptor@5aec91a2]
2020-03-15 13:08:25.402  INFO 3200 --- [    Test worker] o.s.b.t.m.w.SpringBootMockServletContext : Initializing Spring TestDispatcherServlet ''
2020-03-15 13:08:25.402  INFO 3200 --- [    Test worker] o.s.t.web.servlet.TestDispatcherServlet  : Initializing Servlet ''
2020-03-15 13:08:25.427  INFO 3200 --- [    Test worker] o.s.t.web.servlet.TestDispatcherServlet  : Completed initialization in 25 ms
2020-03-15 13:08:25.560  INFO 3200 --- [    Test worker] c.j.b.s.web.HelloControllerTest          : Started HelloControllerTest in 1.821 seconds (JVM running for 16.581)
]]></system-out>
  <system-err><![CDATA[]]></system-err>
</testsuite>
